2024-11-01 11:28:02,765 - my_app - INFO - hello
2024-11-01 11:28:02,868 - my_app - INFO - hello
2024-11-01 11:28:02,877 - my_app - INFO - hello
2024-11-01 11:28:03,015 - my_app - INFO - hello
2024-11-01 11:28:04,189 - my_app - INFO - hello
2024-11-01 11:28:05,631 - my_app - INFO - hello
2024-11-01 11:28:05,732 - my_app - INFO - hello
2024-11-01 11:28:05,775 - my_app - INFO - hello
2024-11-01 11:28:05,797 - my_app - INFO - hello
2024-11-01 11:28:06,089 - my_app - INFO - hello
2024-11-01 11:28:06,093 - my_app - INFO - hello
2024-11-01 11:28:09,460 - my_app - INFO - hello
2024-11-01 11:28:09,461 - my_app - INFO - hello
2024-11-01 11:28:09,543 - my_app - INFO - hello
2024-11-01 11:28:09,550 - my_app - INFO - hello
2024-11-01 11:28:09,608 - my_app - INFO - hello
2024-11-01 11:28:09,611 - my_app - INFO - hello
2024-11-01 11:28:09,636 - my_app - INFO - hello
2024-11-01 11:28:09,907 - my_app - INFO - hello
2024-11-01 11:28:09,908 - my_app - INFO - hello
2024-11-01 11:28:10,489 - my_app - INFO - hello
2024-11-01 11:28:10,490 - my_app - INFO - hello
2024-11-01 11:28:10,492 - my_app - INFO - hello
2024-11-01 11:28:10,496 - my_app - INFO - hello
2024-11-01 11:28:10,716 - my_app - INFO - hello
2024-11-01 11:28:10,743 - my_app - INFO - hello
2024-11-01 11:28:11,632 - my_app - INFO - hello
2024-11-01 11:28:11,733 - my_app - INFO - hello
2024-11-01 11:28:12,190 - my_app - INFO - hello
2024-11-01 11:28:12,341 - my_app - INFO - hello
2024-11-01 11:28:12,447 - my_app - INFO - hello
2024-11-01 11:28:12,449 - my_app - INFO - hello
2024-11-01 11:28:12,503 - my_app - INFO - hello
2024-11-01 11:28:13,879 - my_app - INFO - hello
2024-11-01 11:28:13,983 - my_app - INFO - hello
2024-11-04 11:32:25,253 - my_app - INFO - 69129.699999999997089616954326629638671875 - 69119.990000000005238689482212066650390625 - 69124.2 - 69124.1
2024-11-04 11:32:25,256 - my_app - INFO - 69129.699999999997089616954326629638671875 - 69119.990000000005238689482212066650390625 - 69124.2 - 69124.1
2024-11-04 11:32:25,257 - my_app - INFO - 69129.699999999997089616954326629638671875 - 69119.990000000005238689482212066650390625 - 69124.2 - 69124.1
2024-11-04 11:32:25,258 - my_app - INFO - 69129.699999999997089616954326629638671875 - 69119.990000000005238689482212066650390625 - 69124.2 - 69124.1
2024-11-04 11:32:25,258 - my_app - INFO - 69129.699999999997089616954326629638671875 - 69119.990000000005238689482212066650390625 - 69124.2 - 69124.1
2024-11-04 11:32:25,258 - my_app - INFO - 69129.699999999997089616954326629638671875 - 69119.990000000005238689482212066650390625 - 69124.2 - 69124.1
2024-11-04 11:32:25,260 - my_app - INFO - 69129.699999999997089616954326629638671875 - 69119.990000000005238689482212066650390625 - 69124.2 - 69124.1
2024-11-04 11:32:25,262 - my_app - INFO - 69129.699999999997089616954326629638671875 - 69119.990000000005238689482212066650390625 - 69124.2 - 69124.1
2024-11-04 11:32:25,263 - my_app - INFO - 69129.699999999997089616954326629638671875 - 69119.990000000005238689482212066650390625 - 69124.2 - 69124.1
2024-11-04 11:32:25,263 - my_app - INFO - 69125.699999999997089616954326629638671875 - 69119.990000000005238689482212066650390625 - 69124.2 - 69124.1
2024-11-04 11:32:26,080 - my_app - INFO - 69120 - 69119.990000000005238689482212066650390625 - 69124.2 - 69119
2024-11-04 11:32:26,100 - my_app - INFO - 69120 - 69119.990000000005238689482212066650390625 - 69124.2 - 69119
2024-11-04 11:32:26,102 - my_app - INFO - 69120 - 69119.990000000005238689482212066650390625 - 69124.2 - 69119
2024-11-04 11:32:26,120 - my_app - INFO - 69120 - 69119.990000000005238689482212066650390625 - 69124.2 - 69119
2024-11-04 11:32:26,244 - my_app - INFO - 69120 - 69119.990000000005238689482212066650390625 - 69124.2 - 69119
2024-11-04 11:32:26,288 - my_app - INFO - 69120 - 69119.990000000005238689482212066650390625 - 69124.2 - 69119
2024-11-04 11:32:26,300 - my_app - INFO - 69120 - 69119.990000000005238689482212066650390625 - 69124.2 - 69119
2024-11-04 11:32:26,413 - my_app - INFO - 69120 - 69119.990000000005238689482212066650390625 - 69124.2 - 69119
2024-11-04 11:32:26,413 - my_app - INFO - 69120 - 69119.990000000005238689482212066650390625 - 69124.2 - 69119
2024-11-04 11:32:26,414 - my_app - INFO - 69120 - 69119.990000000005238689482212066650390625 - 69124.2 - 69119
2024-11-04 11:32:26,488 - my_app - INFO - 69120 - 69119.990000000005238689482212066650390625 - 69124.2 - 69119
2024-11-04 11:32:26,488 - my_app - INFO - 69120 - 69119.990000000005238689482212066650390625 - 69124.2 - 69119
2024-11-04 11:32:26,489 - my_app - INFO - 69120 - 69119.990000000005238689482212066650390625 - 69124.2 - 69119
2024-11-04 11:32:26,494 - my_app - INFO - 69120 - 69119.990000000005238689482212066650390625 - 69124.2 - 69119
2024-11-04 11:32:26,495 - my_app - INFO - 69120 - 69119.990000000005238689482212066650390625 - 69124.2 - 69119
2024-11-04 11:32:26,510 - my_app - INFO - 69120 - 69119.990000000005238689482212066650390625 - 69124.2 - 69119
2024-11-04 11:32:26,525 - my_app - INFO - 69120 - 69119.990000000005238689482212066650390625 - 69124.2 - 69119
2024-11-04 11:32:26,570 - my_app - INFO - 69120 - 69119.990000000005238689482212066650390625 - 69124.2 - 69119
2024-11-04 11:32:26,571 - my_app - INFO - 69120 - 69119.990000000005238689482212066650390625 - 69124.2 - 69119
2024-11-04 11:32:26,572 - my_app - INFO - 69120 - 69119.990000000005238689482212066650390625 - 69124.2 - 69119
2024-11-04 11:32:26,580 - my_app - INFO - 69120 - 69119.990000000005238689482212066650390625 - 69124.2 - 69119
2024-11-04 11:32:26,581 - my_app - INFO - 69120 - 69119.990000000005238689482212066650390625 - 69124.2 - 69119
2024-11-04 11:32:26,583 - my_app - INFO - 69120 - 69119.990000000005238689482212066650390625 - 69124.2 - 69119
2024-11-04 11:32:26,590 - my_app - INFO - 69120 - 69119.990000000005238689482212066650390625 - 69124.2 - 69119
2024-11-04 11:32:26,594 - my_app - INFO - 69120 - 69119.990000000005238689482212066650390625 - 69124.2 - 69119
2024-11-04 11:32:26,594 - my_app - INFO - 69120 - 69119.990000000005238689482212066650390625 - 69124.2 - 69119
2024-11-04 11:32:26,669 - my_app - INFO - 69120 - 69119.990000000005238689482212066650390625 - 69124.2 - 69119
2024-11-04 11:32:26,670 - my_app - INFO - 69120 - 69119.990000000005238689482212066650390625 - 69124.2 - 69119
2024-11-04 11:32:26,671 - my_app - INFO - 69120 - 69119.990000000005238689482212066650390625 - 69124.2 - 69119
2024-11-04 11:32:26,674 - my_app - INFO - 69120 - 69119.990000000005238689482212066650390625 - 69124.2 - 69119
2024-11-04 11:32:26,675 - my_app - INFO - 69120 - 69119.990000000005238689482212066650390625 - 69124.2 - 69119
2024-11-04 11:32:26,675 - my_app - INFO - 69120 - 69119.990000000005238689482212066650390625 - 69124.2 - 69119
2024-11-04 11:32:26,679 - my_app - INFO - 69120 - 69119.990000000005238689482212066650390625 - 69124.2 - 69119
2024-11-04 11:32:26,682 - my_app - INFO - 69120 - 69119.990000000005238689482212066650390625 - 69124.2 - 69119
2024-11-04 11:32:26,703 - my_app - INFO - 69120 - 69119.990000000005238689482212066650390625 - 69124.2 - 69119
2024-11-04 11:32:26,704 - my_app - INFO - 69120 - 69119.990000000005238689482212066650390625 - 69124.2 - 69119
2024-11-04 11:32:26,705 - my_app - INFO - 69120 - 69119.990000000005238689482212066650390625 - 69124.2 - 69119
2024-11-04 11:32:26,706 - my_app - INFO - 69120 - 69119.990000000005238689482212066650390625 - 69124.2 - 69119
2024-11-04 11:32:26,710 - my_app - INFO - 69120 - 69119.990000000005238689482212066650390625 - 69124.2 - 69119
2024-11-04 11:32:26,714 - my_app - INFO - 69120 - 69119.990000000005238689482212066650390625 - 69124.2 - 69119
2024-11-04 11:32:26,759 - my_app - INFO - 69120 - 69119.990000000005238689482212066650390625 - 69124.2 - 69119
2024-11-04 16:40:23,216 - my_app - INFO - 68522.5 - 68522.39999999999417923390865325927734375 - 68542 - 68499.9 - None
2024-11-04 16:40:23,257 - my_app - INFO - 68522.5 - 68522.39999999999417923390865325927734375 - 68542 - 68499.9 - None
2024-11-04 16:40:23,264 - my_app - INFO - 68522.5 - 68522.39999999999417923390865325927734375 - 68542 - 68499.9 - None
2024-11-04 16:40:23,417 - my_app - INFO - 68522.5 - 68522.39999999999417923390865325927734375 - 68542 - 68499.9 - None
2024-11-04 16:40:23,461 - my_app - INFO - 68522.5 - 68522.39999999999417923390865325927734375 - 68542 - 68499.9 - None
2024-11-04 16:40:23,570 - my_app - INFO - 68522.5 - 68522.39999999999417923390865325927734375 - 68542 - 68499.9 - None
2024-11-04 16:40:23,576 - my_app - INFO - 68522.5 - 68522.39999999999417923390865325927734375 - 68542 - 68499.9 - None
2024-11-04 16:40:23,727 - my_app - INFO - 68522.5 - 68522.39999999999417923390865325927734375 - 68542 - 68499.9 - None
2024-11-04 16:40:23,728 - my_app - INFO - 68522.5 - 68522.39999999999417923390865325927734375 - 68542 - 68499.9 - None
2024-11-04 16:40:23,868 - my_app - INFO - 68522.5 - 68522.39999999999417923390865325927734375 - 68542 - 68499.9 - None
2024-11-04 16:40:23,879 - my_app - INFO - 68522.5 - 68522.39999999999417923390865325927734375 - 68542 - 68499.9 - None
2024-11-04 16:42:44,363 - my_app - INFO - 68497.5 - 68478.199999999997089616954326629638671875 - 68491.4 - 68487.9 - {'orderType': 'limit', 'currency': 'BTCUSDT', 'price': '12', 'spread': '12', 'qty': '12', 'direction': 'buy'}
2024-11-04 16:42:44,428 - my_app - INFO - 68497.5 - 68478.199999999997089616954326629638671875 - 68491.4 - 68487.9 - {'orderType': 'limit', 'currency': 'BTCUSDT', 'price': '12', 'spread': '12', 'qty': '12', 'direction': 'buy'}
2024-11-04 16:42:44,480 - my_app - INFO - 68497.39999999999417923390865325927734375 - 68478.199999999997089616954326629638671875 - 68491.4 - 68487.9 - {'orderType': 'limit', 'currency': 'BTCUSDT', 'price': '12', 'spread': '12', 'qty': '12', 'direction': 'buy'}
2024-11-04 16:42:44,522 - my_app - INFO - 68490.60000000000582076609134674072265625 - 68478.199999999997089616954326629638671875 - 68491.4 - 68487.9 - {'orderType': 'limit', 'currency': 'BTCUSDT', 'price': '12', 'spread': '12', 'qty': '12', 'direction': 'buy'}
2024-11-04 16:42:44,625 - my_app - INFO - 68490.60000000000582076609134674072265625 - 68478.300000000002910383045673370361328125 - 68491.4 - 68487.9 - {'orderType': 'limit', 'currency': 'BTCUSDT', 'price': '12', 'spread': '12', 'qty': '12', 'direction': 'buy'}
2024-11-04 16:42:44,641 - my_app - INFO - 68490.60000000000582076609134674072265625 - 68481.699999999997089616954326629638671875 - 68491.4 - 68487.9 - {'orderType': 'limit', 'currency': 'BTCUSDT', 'price': '12', 'spread': '12', 'qty': '12', 'direction': 'buy'}
2024-11-04 16:42:44,699 - my_app - INFO - 68490.60000000000582076609134674072265625 - 68481.800000000002910383045673370361328125 - 68491.4 - 68487.9 - {'orderType': 'limit', 'currency': 'BTCUSDT', 'price': '12', 'spread': '12', 'qty': '12', 'direction': 'buy'}
2024-11-04 16:42:44,720 - my_app - INFO - 68490.60000000000582076609134674072265625 - 68485.10000000000582076609134674072265625 - 68491.4 - 68487.9 - {'orderType': 'limit', 'currency': 'BTCUSDT', 'price': '12', 'spread': '12', 'qty': '12', 'direction': 'buy'}
2024-11-04 16:42:44,739 - my_app - INFO - 68490.60000000000582076609134674072265625 - 68485.199999999997089616954326629638671875 - 68491.4 - 68487.9 - {'orderType': 'limit', 'currency': 'BTCUSDT', 'price': '12', 'spread': '12', 'qty': '12', 'direction': 'buy'}
2024-11-04 16:42:44,756 - my_app - INFO - 68490.60000000000582076609134674072265625 - 68485.199999999997089616954326629638671875 - 68498.2 - 68469.8 - {'orderType': 'limit', 'currency': 'BTCUSDT', 'price': '12', 'spread': '12', 'qty': '12', 'direction': 'buy'}
2024-11-04 16:42:44,783 - my_app - INFO - 68490.60000000000582076609134674072265625 - 68485.199999999997089616954326629638671875 - 68498.2 - 68469.8 - {'orderType': 'limit', 'currency': 'BTCUSDT', 'price': '12', 'spread': '12', 'qty': '12', 'direction': 'buy'}
2024-11-04 16:42:44,920 - my_app - INFO - 68490.60000000000582076609134674072265625 - 68485.199999999997089616954326629638671875 - 68498.2 - 68469.8 - {'orderType': 'limit', 'currency': 'BTCUSDT', 'price': '12', 'spread': '12', 'qty': '12', 'direction': 'buy'}
2024-11-04 16:42:46,893 - my_app - INFO - 68508.39999999999417923390865325927734375 - 68497.300000000002910383045673370361328125 - 68508.3 - 68508.2 - {'orderType': 'limit', 'currency': 'BTCUSDT', 'price': '12', 'spread': '12', 'qty': '12', 'direction': 'buy'}
2024-11-04 16:42:48,066 - my_app - INFO - 68509.89999999999417923390865325927734375 - 68497.300000000002910383045673370361328125 - 68514.7 - 68508.1 - {'orderType': 'limit', 'currency': 'BTCUSDT', 'price': '12', 'spread': '12', 'qty': '12', 'direction': 'buy'}
2024-11-04 16:42:53,110 - my_app - INFO - 68529.10000000000582076609134674072265625 - 68497.300000000002910383045673370361328125 - 68523.9 - 68523.8 - {'orderType': 'limit', 'currency': 'BTCUSDT', 'price': '12', 'spread': '12', 'qty': '12', 'direction': 'buy'}
2024-11-04 16:42:53,153 - my_app - INFO - 68529 - 68497.300000000002910383045673370361328125 - 68523.9 - 68523.8 - {'orderType': 'limit', 'currency': 'BTCUSDT', 'price': '12', 'spread': '12', 'qty': '12', 'direction': 'buy'}
2024-11-04 16:42:53,165 - my_app - INFO - 68529.10000000000582076609134674072265625 - 68497.300000000002910383045673370361328125 - 68523.9 - 68523.8 - {'orderType': 'limit', 'currency': 'BTCUSDT', 'price': '12', 'spread': '12', 'qty': '12', 'direction': 'buy'}
2024-11-04 16:42:53,183 - my_app - INFO - 68529.10000000000582076609134674072265625 - 68497.300000000002910383045673370361328125 - 68523.9 - 68523.8 - {'orderType': 'limit', 'currency': 'BTCUSDT', 'price': '12', 'spread': '12', 'qty': '12', 'direction': 'buy'}
2024-11-04 16:42:53,226 - my_app - INFO - 68536 - 68497.300000000002910383045673370361328125 - 68523.9 - 68523.8 - {'orderType': 'limit', 'currency': 'BTCUSDT', 'price': '12', 'spread': '12', 'qty': '12', 'direction': 'buy'}
2024-11-04 16:42:53,259 - my_app - INFO - 68536 - 68497.300000000002910383045673370361328125 - 68523.9 - 68523.8 - {'orderType': 'limit', 'currency': 'BTCUSDT', 'price': '12', 'spread': '12', 'qty': '12', 'direction': 'buy'}
2024-11-04 16:42:53,273 - my_app - INFO - 68535.89999999999417923390865325927734375 - 68497.300000000002910383045673370361328125 - 68523.9 - 68523.8 - {'orderType': 'limit', 'currency': 'BTCUSDT', 'price': '12', 'spread': '12', 'qty': '12', 'direction': 'buy'}
2024-11-04 16:42:53,287 - my_app - INFO - 68529.10000000000582076609134674072265625 - 68497.300000000002910383045673370361328125 - 68523.9 - 68523.8 - {'orderType': 'limit', 'currency': 'BTCUSDT', 'price': '12', 'spread': '12', 'qty': '12', 'direction': 'buy'}
2024-11-04 16:42:53,335 - my_app - INFO - 68529.10000000000582076609134674072265625 - 68497.300000000002910383045673370361328125 - 68523.9 - 68523.8 - {'orderType': 'limit', 'currency': 'BTCUSDT', 'price': '12', 'spread': '12', 'qty': '12', 'direction': 'buy'}
2024-11-04 16:42:53,346 - my_app - INFO - 68529 - 68497.300000000002910383045673370361328125 - 68523.9 - 68523.8 - {'orderType': 'limit', 'currency': 'BTCUSDT', 'price': '12', 'spread': '12', 'qty': '12', 'direction': 'buy'}
2024-11-04 16:43:23,000 - my_app - INFO - 68522.5 - 68498.300000000002910383045673370361328125 - 68514.1 - 68514 - {'orderType': 'limit', 'currency': 'BTCUSDT', 'price': '12', 'spread': '12', 'qty': '12', 'direction': 'buy'}
2024-11-04 16:43:23,020 - my_app - INFO - 68522.5 - 68498.300000000002910383045673370361328125 - 68514.1 - 68514 - {'orderType': 'limit', 'currency': 'BTCUSDT', 'price': '12', 'spread': '12', 'qty': '12', 'direction': 'buy'}
2024-11-04 16:43:23,056 - my_app - INFO - 68522.5 - 68505.10000000000582076609134674072265625 - 68514.1 - 68514 - {'orderType': 'limit', 'currency': 'BTCUSDT', 'price': '12', 'spread': '12', 'qty': '12', 'direction': 'buy'}
2024-11-04 16:43:23,074 - my_app - INFO - 68522.5 - 68505.10000000000582076609134674072265625 - 68514.1 - 68514 - {'orderType': 'limit', 'currency': 'BTCUSDT', 'price': '12', 'spread': '12', 'qty': '12', 'direction': 'buy'}
2024-11-04 16:43:23,083 - my_app - INFO - 68522.39999999999417923390865325927734375 - 68505.10000000000582076609134674072265625 - 68514.1 - 68514 - {'orderType': 'limit', 'currency': 'BTCUSDT', 'price': '12', 'spread': '12', 'qty': '12', 'direction': 'buy'}
2024-11-04 16:43:23,095 - my_app - INFO - 68522.5 - 68505.10000000000582076609134674072265625 - 68514.1 - 68514 - {'orderType': 'limit', 'currency': 'BTCUSDT', 'price': '12', 'spread': '12', 'qty': '12', 'direction': 'buy'}
2024-11-04 16:43:23,100 - my_app - INFO - 68515.60000000000582076609134674072265625 - 68505.10000000000582076609134674072265625 - 68514.1 - 68514 - {'orderType': 'limit', 'currency': 'BTCUSDT', 'price': '12', 'spread': '12', 'qty': '12', 'direction': 'buy'}
2024-11-04 16:43:23,110 - my_app - INFO - 68519 - 68505.10000000000582076609134674072265625 - 68514.1 - 68514 - {'orderType': 'limit', 'currency': 'BTCUSDT', 'price': '12', 'spread': '12', 'qty': '12', 'direction': 'buy'}
2024-11-04 16:43:23,193 - my_app - INFO - 68518.89999999999417923390865325927734375 - 68505.10000000000582076609134674072265625 - 68514.1 - 68514 - {'orderType': 'limit', 'currency': 'BTCUSDT', 'price': '12', 'spread': '12', 'qty': '12', 'direction': 'buy'}
2024-11-04 16:43:23,421 - my_app - INFO - 68515.5 - 68505.10000000000582076609134674072265625 - 68518.8 - 68514 - {'orderType': 'limit', 'currency': 'BTCUSDT', 'price': '12', 'spread': '12', 'qty': '12', 'direction': 'buy'}
2024-11-04 16:43:24,123 - my_app - INFO - 68515.5 - 68505.10000000000582076609134674072265625 - 68518.8 - 68514 - {'orderType': 'limit', 'currency': 'BTCUSDT', 'price': '12', 'spread': '12', 'qty': '12', 'direction': 'buy'}
2024-11-04 16:43:25,652 - my_app - INFO - 68536.300000000002910383045673370361328125 - 68505.10000000000582076609134674072265625 - 68535.6 - 68535.5 - {'orderType': 'limit', 'currency': 'BTCUSDT', 'price': '12', 'spread': '12', 'qty': '12', 'direction': 'buy'}
2024-11-04 16:43:25,851 - my_app - INFO - 68536.199999999997089616954326629638671875 - 68505.10000000000582076609134674072265625 - 68535.6 - 68535.5 - {'orderType': 'limit', 'currency': 'BTCUSDT', 'price': '12', 'spread': '12', 'qty': '12', 'direction': 'buy'}
2024-11-04 16:43:26,517 - my_app - INFO - 68536.300000000002910383045673370361328125 - 68505.10000000000582076609134674072265625 - 68535.6 - 68535.5 - {'orderType': 'limit', 'currency': 'BTCUSDT', 'price': '12', 'spread': '12', 'qty': '12', 'direction': 'buy'}
2024-11-04 16:43:26,538 - my_app - INFO - 68536.199999999997089616954326629638671875 - 68505.10000000000582076609134674072265625 - 68535.6 - 68535.5 - {'orderType': 'limit', 'currency': 'BTCUSDT', 'price': '12', 'spread': '12', 'qty': '12', 'direction': 'buy'}
2024-11-04 17:05:38,332 - my_app - INFO - 68707.39999999999417923390865325927734375 - 68687.199999999997089616954326629638671875 - 68704.2 - 68704.1 - {'leadingExchange': 'htx', 'laggingExchange': 'okx', 'orderType': 'limit', 'currency': 'BTCUSD', 'price': '21', 'spread': '21', 'qty': '21', 'direction': 'buy'}
2024-11-04 17:05:38,343 - my_app - INFO - 68707.39999999999417923390865325927734375 - 68687.199999999997089616954326629638671875 - 68704.2 - 68704.1 - {'leadingExchange': 'htx', 'laggingExchange': 'okx', 'orderType': 'limit', 'currency': 'BTCUSD', 'price': '21', 'spread': '21', 'qty': '21', 'direction': 'buy'}
2024-11-04 17:05:38,568 - my_app - INFO - 68707.39999999999417923390865325927734375 - 68687.300000000002910383045673370361328125 - 68704.2 - 68704.1 - {'leadingExchange': 'htx', 'laggingExchange': 'okx', 'orderType': 'limit', 'currency': 'BTCUSD', 'price': '21', 'spread': '21', 'qty': '21', 'direction': 'buy'}
2024-11-04 17:05:38,584 - my_app - INFO - 68707.39999999999417923390865325927734375 - 68690.699999999997089616954326629638671875 - 68704.2 - 68704.1 - {'leadingExchange': 'htx', 'laggingExchange': 'okx', 'orderType': 'limit', 'currency': 'BTCUSD', 'price': '21', 'spread': '21', 'qty': '21', 'direction': 'buy'}
2024-11-04 17:05:38,601 - my_app - INFO - 68707.39999999999417923390865325927734375 - 68694.10000000000582076609134674072265625 - 68704.2 - 68704.1 - {'leadingExchange': 'htx', 'laggingExchange': 'okx', 'orderType': 'limit', 'currency': 'BTCUSD', 'price': '21', 'spread': '21', 'qty': '21', 'direction': 'buy'}
2024-11-04 17:05:38,622 - my_app - INFO - 68707.39999999999417923390865325927734375 - 68694.10000000000582076609134674072265625 - 68704.2 - 68704.1 - {'leadingExchange': 'htx', 'laggingExchange': 'okx', 'orderType': 'limit', 'currency': 'BTCUSD', 'price': '21', 'spread': '21', 'qty': '21', 'direction': 'buy'}
2024-11-04 17:05:38,645 - my_app - INFO - 68707.39999999999417923390865325927734375 - 68694.199999999997089616954326629638671875 - 68704.2 - 68704.1 - {'leadingExchange': 'htx', 'laggingExchange': 'okx', 'orderType': 'limit', 'currency': 'BTCUSD', 'price': '21', 'spread': '21', 'qty': '21', 'direction': 'buy'}
2024-11-04 17:05:38,661 - my_app - INFO - 68707.39999999999417923390865325927734375 - 68701 - 68704.2 - 68704.1 - {'leadingExchange': 'htx', 'laggingExchange': 'okx', 'orderType': 'limit', 'currency': 'BTCUSD', 'price': '21', 'spread': '21', 'qty': '21', 'direction': 'buy'}
2024-11-04 17:05:38,693 - my_app - INFO - 68707.39999999999417923390865325927734375 - 68701 - 68704.2 - 68704.1 - {'leadingExchange': 'htx', 'laggingExchange': 'okx', 'orderType': 'limit', 'currency': 'BTCUSD', 'price': '21', 'spread': '21', 'qty': '21', 'direction': 'buy'}
2024-11-04 17:05:38,717 - my_app - INFO - 68707.39999999999417923390865325927734375 - 68701.10000000000582076609134674072265625 - 68704.2 - 68704.1 - {'leadingExchange': 'htx', 'laggingExchange': 'okx', 'orderType': 'limit', 'currency': 'BTCUSD', 'price': '21', 'spread': '21', 'qty': '21', 'direction': 'buy'}
2024-11-04 17:07:04,374 - my_app - INFO - 68714.300000000002910383045673370361328125 - 68714.199999999997089616954326629638671875 - 68749.9 - 68699.9 - {'leadingExchange': 'htx', 'laggingExchange': 'okx', 'orderType': 'limit', 'currency': 'BTCUSD', 'price': '21', 'spread': '21', 'qty': '21', 'direction': 'buy'}
2024-11-04 17:12:55,552 - my_app - INFO - 68805.699999999997089616954326629638671875 - 68782.5 - 68802.3 - 68802.2 - {'leadingExchange': 'htx', 'laggingExchange': 'okx', 'orderType': 'limit', 'currency': 'BTCUSD', 'price': '21', 'spread': '21', 'qty': '21', 'direction': 'buy'}
2024-11-04 17:12:55,579 - my_app - INFO - 68805.699999999997089616954326629638671875 - 68782.5 - 68802.3 - 68802.2 - {'leadingExchange': 'htx', 'laggingExchange': 'okx', 'orderType': 'limit', 'currency': 'BTCUSD', 'price': '21', 'spread': '21', 'qty': '21', 'direction': 'buy'}
2024-11-04 17:12:55,581 - my_app - INFO - 68805.699999999997089616954326629638671875 - 68782.5 - 68802.3 - 68802.2 - {'leadingExchange': 'htx', 'laggingExchange': 'okx', 'orderType': 'limit', 'currency': 'BTCUSD', 'price': '21', 'spread': '21', 'qty': '21', 'direction': 'buy'}
2024-11-04 17:12:55,756 - my_app - INFO - 68805.60000000000582076609134674072265625 - 68782.5 - 68802.3 - 68802.2 - {'leadingExchange': 'htx', 'laggingExchange': 'okx', 'orderType': 'limit', 'currency': 'BTCUSD', 'price': '21', 'spread': '21', 'qty': '21', 'direction': 'buy'}
